<?xml version="1.0" encoding="UTF-8"?>
<testsuite xmlns:xsi="http://www.w3.org/2001/XMLSchema-instance" xsi:noNamespaceSchemaLocation="https://maven.apache.org/surefire/maven-surefire-plugin/xsd/surefire-test-report-3.0.xsd" version="3.0" name="TestSuite" time="36.959" tests="4" errors="0" skipped="0" failures="0">
  <properties>
[...]
</properties>
  <testcase name="verifyUserValidLogin" classname="org.demoWebShop.testscripts.LoginPageTest" time="2.825">
    <system-out><![CDATA[Directory already exists: D:\Beuna\Automation\AzureDevops\demowebshop\TestReport
ExtentReport Path for WINDOWS: D:\Beuna\Automation\AzureDevops\demowebshop\TestReport

Directory already exists: D:\Beuna\Automation\AzureDevops\demowebshop\TestReport
ExtentReport Path for WINDOWS: D:\Beuna\Automation\AzureDevops\demowebshop\TestReport

Extent Reports Version 3 Test Suite started!
verifyUserValidLogin started!
verifyUserValidLogin passed!
]]></system-out>
    <system-err><![CDATA[SLF4J: Failed to load class "org.slf4j.impl.StaticLoggerBinder".
SLF4J: Defaulting to no-operation (NOP) logger implementation
SLF4J: See http://www.slf4j.org/codes.html#StaticLoggerBinder for further details.
ERROR StatusLogger Log4j2 could not find a logging implementation. Please add log4j-core to the classpath. Using SimpleLogger to log to the console...
Starting ChromeDriver 111.0.5563.64 (c710e93d5b63b7095afe8c2c17df34408078439d-refs/branch-heads/5563@{#995}) on port 40672
Only local connections are allowed.
Please see https://chromedriver.chromium.org/security-considerations for suggestions on keeping ChromeDriver safe.
ChromeDriver was started successfully.
]]></system-err>
  </testcase>
  <testcase name="verifyInValidLogin[rajeena123@gmail.com, rajeena1234](1)" classname="org.demoWebShop.testscripts.LoginPageTest" time="1.196">
    <system-out><![CDATA[verifyInValidLogin started!
verifyInValidLogin passed!
]]></system-out>
    <system-err><![CDATA[Starting ChromeDriver 111.0.5563.64 (c710e93d5b63b7095afe8c2c17df34408078439d-refs/branch-heads/5563@{#995}) on port 47816
Only local connections are allowed.
Please see https://chromedriver.chromium.org/security-considerations for suggestions on keeping ChromeDriver safe.
ChromeDriver was started successfully.
]]></system-err>
  </testcase>
  <testcase name="verifyInValidLogin[rajeena1234@gmail.com, rajeena123](2)" classname="org.demoWebShop.testscripts.LoginPageTest" time="1.295">
    <system-out><![CDATA[verifyInValidLogin started!
verifyInValidLogin passed!
]]></system-out>
    <system-err><![CDATA[Starting ChromeDriver 111.0.5563.64 (c710e93d5b63b7095afe8c2c17df34408078439d-refs/branch-heads/5563@{#995}) on port 48594
Only local connections are allowed.
Please see https://chromedriver.chromium.org/security-considerations for suggestions on keeping ChromeDriver safe.
ChromeDriver was started successfully.
]]></system-err>
  </testcase>
  <testcase name="verifyInValidLogin[rajeena1234@gmail.com, rajeena1234](3)" classname="org.demoWebShop.testscripts.LoginPageTest" time="1.299">
    <system-out><![CDATA[verifyInValidLogin started!
verifyInValidLogin passed!
]]></system-out>
    <system-err><![CDATA[Starting ChromeDriver 111.0.5563.64 (c710e93d5b63b7095afe8c2c17df34408078439d-refs/branch-heads/5563@{#995}) on port 36436
Only local connections are allowed.
Please see https://chromedriver.chromium.org/security-considerations for suggestions on keeping ChromeDriver safe.
ChromeDriver was started successfully.
]]></system-err>
  </testcase>
</testsuite>