<?xml version="1.0" encoding="UTF-8"?>
<testng-results ignored="0" total="4" passed="4" failed="0" skipped="0">
  <reporter-output>
  </reporter-output>
  <suite started-at="2023-04-02T12:44:12 IST" name="All Test Suite" finished-at="2023-04-02T12:44:48 IST" duration-ms="35316">
    <groups>
      <group name="sanity">
        <method signature="LoginPageTest.verifyUserValidLogin()[pri:1, instance:org.demoWebShop.testscripts.LoginPageTest@651aed93]" name="verifyUserValidLogin" class="org.demoWebShop.testscripts.LoginPageTest"/>
        <method signature="LoginPageTest.verifyInValidLogin(java.lang.String,java.lang.String)[pri:2, instance:org.demoWebShop.testscripts.LoginPageTest@651aed93]" name="verifyInValidLogin" class="org.demoWebShop.testscripts.LoginPageTest"/>
      </group> <!-- sanity -->
    </groups>
    <test started-at="2023-04-02T12:44:12 IST" name="MyDemoWebShop Functional Test" finished-at="2023-04-02T12:44:48 IST" duration-ms="35316">
      <class name="org.demoWebShop.testscripts.LoginPageTest">
        <test-method is-config="true" signature="setExtent(org.testng.ITestContext)[pri:0, instance:org.demoWebShop.testscripts.LoginPageTest@651aed93]" started-at="2023-04-02T12:44:12 IST" name="setExtent" finished-at="2023-04-02T12:44:12 IST" duration-ms="29" status="PASS">
          <params>
            <param index="0">
              <value>
                <![CDATA[org.testng.TestRunner@26c77f54]]>
              </value>
            </param>
          </params>
          <reporter-output>
          </reporter-output>
        </test-method> <!-- setExtent -->
        <test-method is-config="true" signature="setUp(java.lang.String)[pri:0, instance:org.demoWebShop.testscripts.LoginPageTest@651aed93]" started-at="2023-04-02T12:44:12 IST" name="setUp" finished-at="2023-04-02T12:44:22 IST" duration-ms="9281" status="PASS">
          <params>
            <param index="0">
              <value>
                <![CDATA[chrome]]>
              </value>
            </param>
          </params>
          <reporter-output>
          </reporter-output>
        </test-method> <!-- setUp -->
        <test-method signature="verifyUserValidLogin()[pri:1, instance:org.demoWebShop.testscripts.LoginPageTest@651aed93]" started-at="2023-04-02T12:44:22 IST" name="verifyUserValidLogin" description="TC_002_Verification of user login " finished-at="2023-04-02T12:44:24 IST" duration-ms="2870" status="PASS">
          <reporter-output>
          </reporter-output>
        </test-method> <!-- verifyUserValidLogin -->
        <test-method is-config="true" signature="tearDown(org.testng.ITestResult)[pri:0, instance:org.demoWebShop.testscripts.LoginPageTest@651aed93]" started-at="2023-04-02T12:44:24 IST" name="tearDown" finished-at="2023-04-02T12:44:25 IST" duration-ms="188" status="PASS">
          <params>
            <param index="0">
              <value>
                <![CDATA[[TestResult name=verifyUserValidLogin status=SUCCESS method=LoginPageTest.verifyUserValidLogin()[pri:1, instance:org.demoWebShop.testscripts.LoginPageTest@651aed93] output={null}]]]>
              </value>
            </param>
          </params>
          <reporter-output>
          </reporter-output>
        </test-method> <!-- tearDown -->
        <test-method is-config="true" signature="setUp(java.lang.String)[pri:0, instance:org.demoWebShop.testscripts.LoginPageTest@651aed93]" started-at="2023-04-02T12:44:25 IST" name="setUp" finished-at="2023-04-02T12:44:33 IST" duration-ms="8247" status="PASS">
          <params>
            <param index="0">
              <value>
                <![CDATA[chrome]]>
              </value>
            </param>
          </params>
          <reporter-output>
          </reporter-output>
        </test-method> <!-- setUp -->
        <test-method signature="verifyInValidLogin(java.lang.String,java.lang.String)[pri:2, instance:org.demoWebShop.testscripts.LoginPageTest@651aed93]" started-at="2023-04-02T12:44:33 IST" name="verifyInValidLogin" data-provider="InvalidUserCredentials" finished-at="2023-04-02T12:44:34 IST" duration-ms="1213" status="PASS">
          <params>
            <param index="0">
              <value>
                <![CDATA[rajeena123@gmail.com]]>
              </value>
            </param>
            <param index="1">
              <value>
                <![CDATA[rajeena1234]]>
              </value>
            </param>
          </params>
          <reporter-output>
          </reporter-output>
        </test-method> <!-- verifyInValidLogin -->
        <test-method is-config="true" signature="tearDown(org.testng.ITestResult)[pri:0, instance:org.demoWebShop.testscripts.LoginPageTest@651aed93]" started-at="2023-04-02T12:44:34 IST" name="tearDown" finished-at="2023-04-02T12:44:34 IST" duration-ms="128" status="PASS">
          <params>
            <param index="0">
              <value>
                <![CDATA[[TestResult name=verifyInValidLogin status=SUCCESS method=LoginPageTest.verifyInValidLogin(java.lang.String,java.lang.String)[pri:2, instance:org.demoWebShop.testscripts.LoginPageTest@651aed93] output={null}]]]>
              </value>
            </param>
          </params>
          <reporter-output>
          </reporter-output>
        </test-method> <!-- tearDown -->
        <test-method is-config="true" signature="setUp(java.lang.String)[pri:0, instance:org.demoWebShop.testscripts.LoginPageTest@651aed93]" started-at="2023-04-02T12:44:34 IST" name="setUp" finished-at="2023-04-02T12:44:40 IST" duration-ms="5166" status="PASS">
          <params>
            <param index="0">
              <value>
                <![CDATA[chrome]]>
              </value>
            </param>
          </params>
          <reporter-output>
          </reporter-output>
        </test-method> <!-- setUp -->
        <test-method signature="verifyInValidLogin(java.lang.String,java.lang.String)[pri:2, instance:org.demoWebShop.testscripts.LoginPageTest@651aed93]" started-at="2023-04-02T12:44:40 IST" name="verifyInValidLogin" data-provider="InvalidUserCredentials" finished-at="2023-04-02T12:44:41 IST" duration-ms="1347" status="PASS">
          <params>
            <param index="0">
              <value>
                <![CDATA[rajeena1234@gmail.com]]>
              </value>
            </param>
            <param index="1">
              <value>
                <![CDATA[rajeena123]]>
              </value>
            </param>
          </params>
          <reporter-output>
          </reporter-output>
        </test-method> <!-- verifyInValidLogin -->
        <test-method is-config="true" signature="tearDown(org.testng.ITestResult)[pri:0, instance:org.demoWebShop.testscripts.LoginPageTest@651aed93]" started-at="2023-04-02T12:44:41 IST" name="tearDown" finished-at="2023-04-02T12:44:41 IST" duration-ms="136" status="PASS">
          <params>
            <param index="0">
              <value>
                <![CDATA[[TestResult name=verifyInValidLogin status=SUCCESS method=LoginPageTest.verifyInValidLogin(java.lang.String,java.lang.String)[pri:2, instance:org.demoWebShop.testscripts.LoginPageTest@651aed93] output={null}]]]>
              </value>
            </param>
          </params>
          <reporter-output>
          </reporter-output>
        </test-method> <!-- tearDown -->
        <test-method is-config="true" signature="setUp(java.lang.String)[pri:0, instance:org.demoWebShop.testscripts.LoginPageTest@651aed93]" started-at="2023-04-02T12:44:41 IST" name="setUp" finished-at="2023-04-02T12:44:46 IST" duration-ms="5116" status="PASS">
          <params>
            <param index="0">
              <value>
                <![CDATA[chrome]]>
              </value>
            </param>
          </params>
          <reporter-output>
          </reporter-output>
        </test-method> <!-- setUp -->
        <test-method signature="verifyInValidLogin(java.lang.String,java.lang.String)[pri:2, instance:org.demoWebShop.testscripts.LoginPageTest@651aed93]" started-at="2023-04-02T12:44:46 IST" name="verifyInValidLogin" data-provider="InvalidUserCredentials" finished-at="2023-04-02T12:44:47 IST" duration-ms="1316" status="PASS">
          <params>
            <param index="0">
              <value>
                <![CDATA[rajeena1234@gmail.com]]>
              </value>
            </param>
            <param index="1">
              <value>
                <![CDATA[rajeena1234]]>
              </value>
            </param>
          </params>
          <reporter-output>
          </reporter-output>
        </test-method> <!-- verifyInValidLogin -->
        <test-method is-config="true" signature="tearDown(org.testng.ITestResult)[pri:0, instance:org.demoWebShop.testscripts.LoginPageTest@651aed93]" started-at="2023-04-02T12:44:47 IST" name="tearDown" finished-at="2023-04-02T12:44:48 IST" duration-ms="162" status="PASS">
          <params>
            <param index="0">
              <value>
                <![CDATA[[TestResult name=verifyInValidLogin status=SUCCESS method=LoginPageTest.verifyInValidLogin(java.lang.String,java.lang.String)[pri:2, instance:org.demoWebShop.testscripts.LoginPageTest@651aed93] output={null}]]]>
              </value>
            </param>
          </params>
          <reporter-output>
          </reporter-output>
        </test-method> <!-- tearDown -->
      </class> <!-- org.demoWebShop.testscripts.LoginPageTest -->
    </test> <!-- MyDemoWebShop Functional Test -->
  </suite> <!-- All Test Suite -->
</testng-results>
