<?xml version="1.0" encoding="UTF-8"?>
<!-- Generated by org.testng.reporters.JUnitXMLReporter -->
<testsuite ignored="0" hostname="BEUNA-PC" failures="0" tests="4" name="MyDemoWebShop Functional Test" time="35.316" errors="0" timestamp="2023-04-02T12:44:48 IST">
  <testcase classname="org.demoWebShop.testscripts.LoginPageTest" name="verifyUserValidLogin" time="2.87"/>
  <testcase classname="org.demoWebShop.testscripts.LoginPageTest" name="verifyInValidLogin" time="1.213"/>
  <testcase classname="org.demoWebShop.testscripts.LoginPageTest" name="verifyInValidLogin" time="1.347"/>
  <testcase classname="org.demoWebShop.testscripts.LoginPageTest" name="verifyInValidLogin" time="1.316"/>
</testsuite> <!-- MyDemoWebShop Functional Test -->
